<?xml version="1.0" encoding="UTF-8"?>
<!-- Generated by org.testng.reporters.JUnitReportReporter -->
<testsuite skipped="0" hostname="DESKTOP-QH08G25" name="test.TESTActitimeLogin" tests="1" failures="0" timestamp="09 Nov 2019 02:21:08 GMT" time="30.935" errors="0">
  <testcase name="login" time="30.935" classname="test.TESTActitimeLogin"/>
</testsuite> <!-- test.TESTActitimeLogin -->
